<?xml version="1.0" encoding="UTF-8"?>
<!-- Generated by org.testng.reporters.JUnitXMLReporter -->
<testsuite ignored="0" hostname="DESKTOP-R8BAB90" failures="1" tests="3" name="Login Test" time="92.972" errors="0" timestamp="15 Apr 2020 13:22:42 GMT">
  <testcase classname="sample.recovery.samplerecovery.RediffLogin" name="RediffLogintest" time="31.431">
    <skipped/>
  </testcase> <!-- RediffLogintest -->
  <testcase classname="sample.recovery.samplerecovery.RediffLogin" name="RediffLogintest" time="29.788">
    <failure type="java.lang.AssertionError" message="The following asserts failed:
	Title mismatch">
      <![CDATA[java.lang.AssertionError: The following asserts failed:
	Title mismatch
	at sample.recovery.samplerecovery.keywords.GenericKeywords.assertall(GenericKeywords.java:527)
	at sample.recovery.samplerecovery.driver.DriverScript.executeKeywords(DriverScript.java:145)
	at sample.recovery.samplerecovery.RediffLogin.RediffLogintest(RediffLogin.java:33)
... Removed 27 stack frames]]>
    </failure>
  </testcase> <!-- RediffLogintest -->
  <testcase classname="sample.recovery.samplerecovery.RediffLogin" name="RediffLogintest" time="27.573"/>
</testsuite> <!-- Login Test -->
